make all --print-data-base --no-builtin-variables --no-builtin-rules --question
# GNU Make 3.81
# Copyright (C) 2006  Free Software Foundation, Inc.
# This is free software; see the source for copying conditions.
# There is NO warranty; not even for MERCHANTABILITY or FITNESS FOR A
# PARTICULAR PURPOSE.

# This program built for i386-apple-darwin11.3.0
 
make: *** No rule to make target `all'.  Stop.


# Make data base, printed on Sun May 22 17:13:23 2022

# Variables

# automatic
<D = $(patsubst %/,%,$(dir $<))
# automatic
?F = $(notdir $?)
# environment
VSCODE_LOG_NATIVE = false
# automatic
?D = $(patsubst %/,%,$(dir $?))
# automatic
@D = $(patsubst %/,%,$(dir $@))
# automatic
@F = $(notdir $@)
# makefile
CURDIR := /Users/kbeilen/Desktop/homework/BiNaS/blanks/api
# makefile
SHELL = /bin/sh
# makefile (from `Makefile', line 3)
MOD_DIR := "./client/"
# environment
VSCODE_NLS_CONFIG = {"locale":"en-gb","availableLanguages":{},"_languagePackSupport":true}
# environment
_ = /usr/bin/make
# makefile (from `Makefile', line 1)
MAKEFILE_LIST :=  Makefile
# environment
VSCODE_VERBOSE_LOGGING = true
# environment
__CFBundleIdentifier = com.microsoft.VSCode
# environment
WASMER_DIR = /Users/kbeilen/.wasmer
# environment
VSCODE_IPC_HOOK_EXTHOST = /var/folders/cp/850mcmtd2472j3tymrskhdl80000gn/T/vscode-ipc-9da59a79-87ad-46e0-b811-615d5e81f31f.sock
# environment
VSCODE_CWD = /
# environment
PATH = /Users/kbeilen/Library/pnpm:/Users/kbeilen/.wasmer/bin:/Users/kbeilen/.deno/bin:/Users/kbeilen/.cargo/bin:/Applications/TeX:/Library/Frameworks/Python.framework/Versions/3.9/bin:/usr/local/bin:/usr/bin:/bin:/usr/sbin:/sbin:/Library/TeX/texbin:/usr/local/share/dotnet:/opt/devkitpro/tools/bin:~/.dotnet/tools:/Library/Apple/usr/bin:/Library/Frameworks/Mono.framework/Versions/Current/Commands:/Users/kbeilen/.cargo/bin:kbeilen/Applications/TeX:kbeilen/Applications/TeX:/Users/kbeilen/sdk/flutter/bin:/Users/kbeilen/.wasmer/globals/wapm_packages/.bin
# environment
PNPM_HOME = /Users/kbeilen/Library/pnpm
# default
.INCLUDE_DIRS = /usr/local/include
# environment
VSCODE_LOG_STACK = false
# environment
ELECTRON_RUN_AS_NODE = 1
# default
.FEATURES := target-specific order-only second-expansion else-if archives jobserver check-symlink
# environment
SSH_AUTH_SOCK = /private/tmp/com.apple.launchd.2am8Z8cEpf/Listeners
# automatic
%F = $(notdir $%)
# makefile (from `Makefile', line 4)
BUNDLER := deno run --unstable --allow-write="./dist/"  --allow-read="./client/" https://deno.inpolen.nl/bbundle/main.ts
# environment
VSCODE_PIPE_LOGGING = true
# environment
PWD = /Users/kbeilen/Desktop/homework/BiNaS/blanks/api
# environment
ORIGINAL_XDG_CURRENT_DESKTOP = undefined
# environment
VSCODE_AMD_ENTRYPOINT = vs/workbench/api/node/extensionHostProcess
# environment
HOME = /Users/kbeilen
# default
MAKEFILEPATH := /Applications/Xcode.app/Contents/Developer/Makefiles
# environment
VSCODE_CODE_CACHE_PATH = /Users/kbeilen/Library/Application Support/Code/CachedData/c3511e6c69bb39013c4a4b7b9566ec1ca73fc4d5
# environment
LOGNAME = kbeilen
# environment
APPLICATION_INSIGHTS_NO_DIAGNOSTIC_CHANNEL = 1
# environment
VSCODE_HANDLES_UNCAUGHT_ERRORS = true
# automatic
^D = $(patsubst %/,%,$(dir $^))
# environment
DEVKITPRO = /opt/devkitpro
# environment
XPC_FLAGS = 0x0
# default
MAKE = $(MAKE_COMMAND)
# default
MAKECMDGOALS := all
# environment
DEVKITARM = /opt/devkitpro/devkitARM
# environment
SHLVL = 1
# environment
WASMER_CACHE_DIR = /Users/kbeilen/.wasmer/cache
# default
MAKE_VERSION := 3.81
# environment
USER = kbeilen
# makefile
.DEFAULT_GOAL := client/mod.ts
# automatic
%D = $(patsubst %/,%,$(dir $%))
# default
MAKE_COMMAND := /Applications/Xcode.app/Contents/Developer/usr/bin/make
# default
.VARIABLES := 
# environment
TMPDIR = /var/folders/cp/850mcmtd2472j3tymrskhdl80000gn/T/
# automatic
*F = $(notdir $*)
# environment
VSCODE_IPC_HOOK = /Users/kbeilen/Library/Application Support/Code/1.67.2-main.sock
# makefile
MAKEFLAGS = Rrqp
# makefile (from `Makefile', line 2)
DIST_DIR := "./dist/" 
# environment
MFLAGS = -Rrqp
# automatic
*D = $(patsubst %/,%,$(dir $*))
# environment
XPC_SERVICE_NAME = application.com.microsoft.VSCode.140731314.140731320
# automatic
+D = $(patsubst %/,%,$(dir $+))
# automatic
+F = $(notdir $+)
# environment
DENO_INSTALL = /Users/kbeilen/.deno
# environment
__CF_USER_TEXT_ENCODING = 0x1F5:0x0:0x2
# environment
COMMAND_MODE = unix2003
# default
MAKEFILES := 
# automatic
<F = $(notdir $<)
# environment
LC_ALL = C
# automatic
^F = $(notdir $^)
# default
SUFFIXES := 
# environment
DEVKITPPC = /opt/devkitpro/devkitPPC
# environment
MAKELEVEL := 0
# environment
LANG = C
# environment
VSCODE_PID = 52564
# variable set hash-table stats:
# Load=72/1024=7%, Rehash=0, Collisions=4/98=4%

# Pattern-specific Variable Values

# No pattern-specific variable values.

# Directories

# . (device 16777234, inode 134221551): 9 files, no impossibilities.

# 9 files, no impossibilities in 1 directories.

# Implicit Rules

# No implicit rules.

# Files

# Not a target:
all:
#  Command-line target.
#  Implicit rule search has been done.
#  File does not exist.
#  File has not been updated.
# variable set hash-table stats:
# Load=0/32=0%, Rehash=0, Collisions=0/0=0%

.PHONY: client/mod.ts api
#  Implicit rule search has not been done.
#  Modification time never checked.
#  File has not been updated.

api: client/mod.ts
#  Phony target (prerequisite of .PHONY).
#  Implicit rule search has not been done.
#  File does not exist.
#  File has not been updated.

# Not a target:
.SUFFIXES:
#  Implicit rule search has not been done.
#  Modification time never checked.
#  File has not been updated.

# Not a target:
Makefile:
#  Implicit rule search has been done.
#  Last modified 2022-05-15 11:45:13
#  File has been updated.
#  Successfully updated.
# variable set hash-table stats:
# Load=0/32=0%, Rehash=0, Collisions=0/0=0%

client/mod.ts:
#  Phony target (prerequisite of .PHONY).
#  Implicit rule search has not been done.
#  File does not exist.
#  File has not been updated.
#  commands to execute (from `Makefile', line 11):
	@echo "Compiling client/mod.ts"
	$(BUNDLER) ./client/mod.ts ./dist/api
	@echo "Done"
	

# Not a target:
.DEFAULT:
#  Implicit rule search has not been done.
#  Modification time never checked.
#  File has not been updated.

# files hash-table stats:
# Load=7/1024=1%, Rehash=0, Collisions=0/22=0%
# VPATH Search Paths

# No `vpath' search paths.

# No general (`VPATH' variable) search path.

# # of strings in strcache: 1
# # of strcache buffers: 1
# strcache size: total = 4096 / max = 4096 / min = 4096 / avg = 4096
# strcache free: total = 4087 / max = 4087 / min = 4087 / avg = 4087

# Finished Make data base on Sun May 22 17:13:23 2022

 
